c:\users\raafi bandrang\source\repos\simd1dstencil\simd1dstencil\x64\release\vc143.pdb
c:\users\raafi bandrang\source\repos\simd1dstencil\simd1dstencil\x64\release\main.obj
c:\users\raafi bandrang\source\repos\simd1dstencil\asmbase.obj
c:\users\raafi bandrang\source\repos\simd1dstencil\simdybase.obj
c:\users\raafi bandrang\source\repos\simd1dstencil\simdxbase.obj
c:\users\raafi bandrang\source\repos\simd1dstencil\x64\release\simd1dstencil.exe
c:\users\raafi bandrang\source\repos\simd1dstencil\x64\release\simd1dstencil.pdb
c:\users\raafi bandrang\source\repos\simd1dstencil\simd1dstencil\x64\release\simd1dstencil.ipdb
c:\users\raafi bandrang\source\repos\simd1dstencil\simd1dstencil\x64\release\simd1dstencil.iobj
c:\users\raafi bandrang\source\repos\simd1dstencil\simd1dstencil\x64\release\simd1dstencil.tlog\cl.command.1.tlog
c:\users\raafi bandrang\source\repos\simd1dstencil\simd1dstencil\x64\release\simd1dstencil.tlog\cl.items.tlog
c:\users\raafi bandrang\source\repos\simd1dstencil\simd1dstencil\x64\release\simd1dstencil.tlog\cl.read.1.tlog
c:\users\raafi bandrang\source\repos\simd1dstencil\simd1dstencil\x64\release\simd1dstencil.tlog\cl.write.1.tlog
c:\users\raafi bandrang\source\repos\simd1dstencil\simd1dstencil\x64\release\simd1dstencil.tlog\custombuild.command.1.tlog
c:\users\raafi bandrang\source\repos\simd1dstencil\simd1dstencil\x64\release\simd1dstencil.tlog\custombuild.read.1.tlog
c:\users\raafi bandrang\source\repos\simd1dstencil\simd1dstencil\x64\release\simd1dstencil.tlog\custombuild.write.1.tlog
c:\users\raafi bandrang\source\repos\simd1dstencil\simd1dstencil\x64\release\simd1dstencil.tlog\link.command.1.tlog
c:\users\raafi bandrang\source\repos\simd1dstencil\simd1dstencil\x64\release\simd1dstencil.tlog\link.read.1.tlog
c:\users\raafi bandrang\source\repos\simd1dstencil\simd1dstencil\x64\release\simd1dstencil.tlog\link.secondary.1.tlog
c:\users\raafi bandrang\source\repos\simd1dstencil\simd1dstencil\x64\release\simd1dstencil.tlog\link.write.1.tlog
